<?xml version="1.0" encoding="UTF-8"?>
<!-- Generated by org.testng.reporters.JUnitReportReporter -->
<testsuite hostname="len166" name="Cync_Cloud.Cync_Package.NewTest" tests="1" failures="0" timestamp="9 Jul 2018 11:56:02 GMT" time="0.013" errors="0">
  <testcase name="f" time="0.013" classname="Cync_Cloud.Cync_Package.NewTest"/>
</testsuite> <!-- Cync_Cloud.Cync_Package.NewTest -->
