<?xml version="1.0" encoding="UTF-8"?>
<!-- Generated by org.testng.reporters.JUnitReportReporter -->
<testsuite hostname="len166" name="Cync_Cloud.Cync_Package.democlass" tests="1" failures="0" timestamp="9 Jul 2018 12:04:22 GMT" time="23.829" errors="0">
  <testcase name="first" time="23.829" classname="Cync_Cloud.Cync_Package.democlass"/>
</testsuite> <!-- Cync_Cloud.Cync_Package.democlass -->
